<?xml version="1.0" encoding="UTF-8"?>
<!-- Generated by org.testng.reporters.JUnitReportReporter -->
<testsuite hostname="TYSS-Nitheesha" failures="0" tests="1" name="runner.RunnerIO" time="33.028" errors="0" timestamp="2022-03-28T11:59:11 IST" skipped="0">
  <testcase classname="runner.RunnerIO" name="runScenario" time="33.028"/>
  <system-out/>
</testsuite> <!-- runner.RunnerIO -->
